[Information]: [Information] Background
Border
Message

[Information]: [Information] Loading Screen
Background
Border
Message

[Information]: [Information] background
[Information]: [Information] border
[Information]: [Information] @@4
Background
Button Container

[Information]: [Information] Main Menu
@@4
Background
Button Container
background
border
New Game Button
Load Game Button
Settings
Quit to Desktop
Background
Text
Background
Text
Background
Text
Background
Text

[Information]: [Information] background
[Information]: [Information] border
[Information]: [Information] background
[Information]: [Information] border
[Information]: [Information] background
[Information]: [Information] border
[Information]: [Information] background
[Information]: [Information] border
[Information]: [Information] background
[Information]: [Information] border
[Information]: [Information] background
[Information]: [Information] border
[Information]: [Information] background
[Information]: [Information] border
[Information]: [Information] background
[Information]: [Information] border
